<?xml version="1.0" encoding="UTF-8"?>
<!-- Generated by org.testng.reporters.JUnitReportReporter -->
<testsuite skipped="0" hostname="LAPTOP-V89JODT2" name="MavenJavaProject.MavenJava.Appium3Test" tests="1" failures="0" timestamp="2022-01-19T23:40:47 IST" time="0.000" errors="0">
  <testcase name="test3" time="0.000" classname="MavenJavaProject.MavenJava.Appium3Test"/>
  <system-out/>
</testsuite> <!-- MavenJavaProject.MavenJava.Appium3Test -->
