<?xml version="1.0" encoding="UTF-8"?>
<!-- Generated by org.testng.reporters.JUnitReportReporter -->
<testsuite skipped="0" hostname="LAPTOP-V89JODT2" name="MavenJavaProject.MavenJava.Appium2Test" tests="1" failures="0" timestamp="2022-01-15T16:11:46 IST" time="0.001" errors="0">
  <testcase name="test2" time="0.001" classname="MavenJavaProject.MavenJava.Appium2Test"/>
  <system-out/>
</testsuite> <!-- MavenJavaProject.MavenJava.Appium2Test -->
