<?xml version="1.0" encoding="UTF-8"?>
<!-- Generated by org.testng.reporters.JUnitReportReporter -->
<testsuite skipped="0" hostname="LAPTOP-V89JODT2" name="MavenJavaProject.MavenJava.AppiumTest" tests="1" failures="0" timestamp="2022-01-16T10:25:45 IST" time="0.339" errors="0">
  <testcase name="test1" time="0.339" classname="MavenJavaProject.MavenJava.AppiumTest"/>
  <system-out/>
</testsuite> <!-- MavenJavaProject.MavenJava.AppiumTest -->
